2024-09-03T06:15:45,639 - CPUUtilization.Percent:0.0|#Level:Host|#hostname:e74513749e52,timestamp:1725344145
2024-09-03T06:15:45,640 - DiskAvailable.Gigabytes:535.1184539794922|#Level:Host|#hostname:e74513749e52,timestamp:1725344145
2024-09-03T06:15:45,641 - DiskUsage.Gigabytes:420.5198554992676|#Level:Host|#hostname:e74513749e52,timestamp:1725344145
2024-09-03T06:15:45,642 - DiskUtilization.Percent:44.0|#Level:Host|#hostname:e74513749e52,timestamp:1725344145
2024-09-03T06:15:45,644 - GPUMemoryUtilization.Percent:13.525390625|#Level:Host,DeviceId:0|#hostname:e74513749e52,timestamp:1725344145
2024-09-03T06:15:45,645 - GPUMemoryUsed.Megabytes:2216.0|#Level:Host,DeviceId:0|#hostname:e74513749e52,timestamp:1725344145
2024-09-03T06:15:45,645 - GPUUtilization.Percent:4.0|#Level:Host,DeviceId:0|#hostname:e74513749e52,timestamp:1725344145
2024-09-03T06:15:45,648 - MemoryAvailable.Megabytes:10478.78125|#Level:Host|#hostname:e74513749e52,timestamp:1725344145
2024-09-03T06:15:45,654 - MemoryUsed.Megabytes:5014.79296875|#Level:Host|#hostname:e74513749e52,timestamp:1725344145
2024-09-03T06:15:45,656 - MemoryUtilization.Percent:33.8|#Level:Host|#hostname:e74513749e52,timestamp:1725344145
2024-09-03T06:16:44,868 - CPUUtilization.Percent:0.0|#Level:Host|#hostname:e74513749e52,timestamp:1725344204
2024-09-03T06:16:44,870 - DiskAvailable.Gigabytes:535.1184463500977|#Level:Host|#hostname:e74513749e52,timestamp:1725344204
2024-09-03T06:16:44,871 - DiskUsage.Gigabytes:420.5198631286621|#Level:Host|#hostname:e74513749e52,timestamp:1725344204
2024-09-03T06:16:44,871 - DiskUtilization.Percent:44.0|#Level:Host|#hostname:e74513749e52,timestamp:1725344204
2024-09-03T06:16:44,872 - GPUMemoryUtilization.Percent:13.482666015625|#Level:Host,DeviceId:0|#hostname:e74513749e52,timestamp:1725344204
2024-09-03T06:16:44,873 - GPUMemoryUsed.Megabytes:2209.0|#Level:Host,DeviceId:0|#hostname:e74513749e52,timestamp:1725344204
2024-09-03T06:16:44,873 - GPUUtilization.Percent:0.0|#Level:Host,DeviceId:0|#hostname:e74513749e52,timestamp:1725344204
2024-09-03T06:16:44,874 - MemoryAvailable.Megabytes:10368.96484375|#Level:Host|#hostname:e74513749e52,timestamp:1725344204
2024-09-03T06:16:44,874 - MemoryUsed.Megabytes:5124.8515625|#Level:Host|#hostname:e74513749e52,timestamp:1725344204
2024-09-03T06:16:44,875 - MemoryUtilization.Percent:34.5|#Level:Host|#hostname:e74513749e52,timestamp:1725344204
